# JRE version: Java(TM) SE Runtime Environment (11.0+28) (build 11+28)
# Java VM: Java HotSpot(TM) 64-Bit Server VM (11+28, mixed mode, tiered, compressed oops, g1 gc, windows-amd64)
Heap:
 garbage-first heap   total 458752K, used 175150K [0x0000000641a00000, 0x0000000800000000)
  region size 1024K, 162 young (165888K), 20 survivors (20480K)
 Metaspace       used 69539K, capacity 72210K, committed 72400K, reserved 1112064K
  class space    used 8694K, capacity 9745K, committed 9856K, reserved 1048576K
GC Heap History (10 events):
Event: 2.583 GC heap before
{Heap before GC invocations=3 (full 0):
 garbage-first heap   total 458752K, used 32925K [0x0000000641a00000, 0x0000000800000000)
  region size 1024K, 28 young (28672K), 7 survivors (7168K)
 Metaspace       used 23694K, capacity 24467K, committed 24624K, reserved 1071104K
  class space    used 2773K, capacity 3102K, committed 3200K, reserved 1048576K
}
Event: 2.587 GC heap after
{Heap after GC invocations=4 (full 0):
 garbage-first heap   total 458752K, used 12792K [0x0000000641a00000, 0x0000000800000000)
  region size 1024K, 2 young (2048K), 2 survivors (2048K)
 Metaspace       used 23694K, capacity 24467K, committed 24624K, reserved 1071104K
  class space    used 2773K, capacity 3102K, committed 3200K, reserved 1048576K
}
Event: 6.115 GC heap before
{Heap before GC invocations=4 (full 0):
 garbage-first heap   total 458752K, used 90616K [0x0000000641a00000, 0x0000000800000000)
  region size 1024K, 79 young (80896K), 2 survivors (2048K)
 Metaspace       used 33888K, capacity 34794K, committed 35120K, reserved 1079296K
  class space    used 4014K, capacity 4392K, committed 4480K, reserved 1048576K
}
Event: 6.119 GC heap after
{Heap after GC invocations=5 (full 0):
 garbage-first heap   total 458752K, used 15975K [0x0000000641a00000, 0x0000000800000000)
  region size 1024K, 5 young (5120K), 5 survivors (5120K)
 Metaspace       used 33888K, capacity 34794K, committed 35120K, reserved 1079296K
  class space    used 4014K, capacity 4392K, committed 4480K, reserved 1048576K
}
Event: 6.277 GC heap before
{Heap before GC invocations=5 (full 0):
 garbage-first heap   total 458752K, used 35431K [0x0000000641a00000, 0x0000000800000000)
  region size 1024K, 26 young (26624K), 5 survivors (5120K)
 Metaspace       used 34849K, capacity 35764K, committed 35920K, reserved 1081344K
  class space    used 4112K, capacity 4502K, committed 4608K, reserved 1048576K
}
Event: 6.282 GC heap after
{Heap after GC invocations=6 (full 0):
 garbage-first heap   total 458752K, used 16928K [0x0000000641a00000, 0x0000000800000000)
  region size 1024K, 6 young (6144K), 6 survivors (6144K)
 Metaspace       used 34849K, capacity 35764K, committed 35920K, reserved 1081344K
  class space    used 4112K, capacity 4502K, committed 4608K, reserved 1048576K
}
Event: 9.375 GC heap before
{Heap before GC invocations=7 (full 0):
 garbage-first heap   total 458752K, used 194080K [0x0000000641a00000, 0x0000000800000000)
  region size 1024K, 180 young (184320K), 6 survivors (6144K)
 Metaspace       used 46978K, capacity 48354K, committed 48592K, reserved 1091584K
  class space    used 5671K, capacity 6226K, committed 6272K, reserved 1048576K
}
Event: 9.383 GC heap after
{Heap after GC invocations=8 (full 0):
 garbage-first heap   total 458752K, used 24117K [0x0000000641a00000, 0x0000000800000000)
  region size 1024K, 13 young (13312K), 13 survivors (13312K)
 Metaspace       used 46978K, capacity 48354K, committed 48592K, reserved 1091584K
  class space    used 5671K, capacity 6226K, committed 6272K, reserved 1048576K
}
Event: 22.638 GC heap before
{Heap before GC invocations=8 (full 0):
 garbage-first heap   total 458752K, used 186933K [0x0000000641a00000, 0x0000000800000000)
  region size 1024K, 173 young (177152K), 13 survivors (13312K)
 Metaspace       used 58346K, capacity 60114K, committed 60240K, reserved 1101824K
  class space    used 7131K, capacity 7819K, committed 7936K, reserved 1048576K
}
Event: 22.660 GC heap after
{Heap after GC invocations=9 (full 0):
 garbage-first heap   total 458752K, used 31790K [0x0000000641a00000, 0x0000000800000000)
  region size 1024K, 20 young (20480K), 20 survivors (20480K)
 Metaspace       used 58346K, capacity 60114K, committed 60240K, reserved 1101824K
  class space    used 7131K, capacity 7819K, committed 7936K, reserved 1048576K
}

